<?xml version="1.0" encoding="UTF-8"?>
<testng-results ignored="0" total="2" passed="1" failed="1" skipped="0">
  <reporter-output>
  </reporter-output>
  <suite started-at="2023-11-22T14:15:01 IST" name="Default suite" finished-at="2023-11-22T14:15:27 IST" duration-ms="26261">
    <groups>
    </groups>
    <test started-at="2023-11-22T14:15:01 IST" name="Default test" finished-at="2023-11-22T14:15:27 IST" duration-ms="26261">
      <class name="com.testcases.LoginTestCases">
        <test-method is-config="true" signature="setup()[pri:0, instance:com.testcases.LoginTestCases@368f2016]" started-at="2023-11-22T14:15:01 IST" name="setup" finished-at="2023-11-22T14:15:08 IST" duration-ms="6844" status="PASS">
          <reporter-output>
          </reporter-output>
        </test-method> <!-- setup -->
        <test-method signature="ValidLoginValidation()[pri:1, instance:com.testcases.LoginTestCases@368f2016]" started-at="2023-11-22T14:15:08 IST" name="ValidLoginValidation" finished-at="2023-11-22T14:15:15 IST" duration-ms="7107" status="PASS">
          <reporter-output>
          </reporter-output>
        </test-method> <!-- ValidLoginValidation -->
        <test-method is-config="true" signature="teardown(org.testng.ITestResult)[pri:0, instance:com.testcases.LoginTestCases@368f2016]" started-at="2023-11-22T14:15:15 IST" name="teardown" finished-at="2023-11-22T14:15:15 IST" duration-ms="11" status="PASS">
          <params>
            <param index="0">
              <value>
                <![CDATA[[TestResult name=ValidLoginValidation status=SUCCESS method=LoginTestCases.ValidLoginValidation()[pri:1, instance:com.testcases.LoginTestCases@368f2016] output={null}]]]>
              </value>
            </param>
          </params>
          <reporter-output>
          </reporter-output>
        </test-method> <!-- teardown -->
        <test-method is-config="true" signature="setup()[pri:0, instance:com.testcases.LoginTestCases@368f2016]" started-at="2023-11-22T14:15:15 IST" name="setup" finished-at="2023-11-22T14:15:20 IST" duration-ms="4750" status="PASS">
          <reporter-output>
          </reporter-output>
        </test-method> <!-- setup -->
        <test-method signature="InvalidLoginValidation()[pri:2, instance:com.testcases.LoginTestCases@368f2016]" started-at="2023-11-22T14:15:20 IST" name="InvalidLoginValidation" finished-at="2023-11-22T14:15:27 IST" duration-ms="7249" status="FAIL">
          <exception class="java.lang.AssertionError">
            <message>
              <![CDATA[expected [https://katalon-demo-cura.herokuapp.com/#appointment] but found [https://katalon-demo-cura.herokuapp.com/profile.php#login]]]>
            </message>
            <full-stacktrace>
              <![CDATA[java.lang.AssertionError: expected [https://katalon-demo-cura.herokuapp.com/#appointment] but found [https://katalon-demo-cura.herokuapp.com/profile.php#login]
at org.testng.Assert.fail(Assert.java:111)
at org.testng.Assert.failNotEquals(Assert.java:1578)
at org.testng.Assert.assertEqualsImpl(Assert.java:150)
at org.testng.Assert.assertEquals(Assert.java:132)
at org.testng.Assert.assertEquals(Assert.java:656)
at org.testng.Assert.assertEquals(Assert.java:666)
at com.testcases.LoginTestCases.InvalidLoginValidation(LoginTestCases.java:34)
at java.base/jdk.internal.reflect.DirectMethodHandleAccessor.invoke(DirectMethodHandleAccessor.java:104)
at java.base/java.lang.reflect.Method.invoke(Method.java:578)
at org.testng.internal.invokers.MethodInvocationHelper.invokeMethod(MethodInvocationHelper.java:139)
at org.testng.internal.invokers.TestInvoker.invokeMethod(TestInvoker.java:664)
at org.testng.internal.invokers.TestInvoker.invokeTestMethod(TestInvoker.java:227)
at org.testng.internal.invokers.MethodRunner.runInSequence(MethodRunner.java:50)
at org.testng.internal.invokers.TestInvoker$MethodInvocationAgent.invoke(TestInvoker.java:957)
at org.testng.internal.invokers.TestInvoker.invokeTestMethods(TestInvoker.java:200)
at org.testng.internal.invokers.TestMethodWorker.invokeTestMethods(TestMethodWorker.java:148)
at org.testng.internal.invokers.TestMethodWorker.run(TestMethodWorker.java:128)
at java.base/java.util.ArrayList.forEach(ArrayList.java:1511)
at org.testng.TestRunner.privateRun(TestRunner.java:848)
at org.testng.TestRunner.run(TestRunner.java:621)
at org.testng.SuiteRunner.runTest(SuiteRunner.java:443)
at org.testng.SuiteRunner.runSequentially(SuiteRunner.java:437)
at org.testng.SuiteRunner.privateRun(SuiteRunner.java:397)
at org.testng.SuiteRunner.run(SuiteRunner.java:336)
at org.testng.SuiteRunnerWorker.runSuite(SuiteRunnerWorker.java:52)
at org.testng.SuiteRunnerWorker.run(SuiteRunnerWorker.java:95)
at org.testng.TestNG.runSuitesSequentially(TestNG.java:1280)
at org.testng.TestNG.runSuitesLocally(TestNG.java:1200)
at org.testng.TestNG.runSuites(TestNG.java:1114)
at org.testng.TestNG.run(TestNG.java:1082)
at org.testng.remote.AbstractRemoteTestNG.run(AbstractRemoteTestNG.java:115)
at org.testng.remote.RemoteTestNG.initAndRun(RemoteTestNG.java:251)
at org.testng.remote.RemoteTestNG.main(RemoteTestNG.java:77)
]]>
            </full-stacktrace>
          </exception> <!-- java.lang.AssertionError -->
          <reporter-output>
          </reporter-output>
        </test-method> <!-- InvalidLoginValidation -->
        <test-method is-config="true" signature="teardown(org.testng.ITestResult)[pri:0, instance:com.testcases.LoginTestCases@368f2016]" started-at="2023-11-22T14:15:27 IST" name="teardown" finished-at="2023-11-22T14:15:27 IST" duration-ms="210" status="PASS">
          <params>
            <param index="0">
              <value>
                <![CDATA[[TestResult name=InvalidLoginValidation status=FAILURE method=LoginTestCases.InvalidLoginValidation()[pri:2, instance:com.testcases.LoginTestCases@368f2016] output={null}]]]>
              </value>
            </param>
          </params>
          <reporter-output>
          </reporter-output>
        </test-method> <!-- teardown -->
      </class> <!-- com.testcases.LoginTestCases -->
    </test> <!-- Default test -->
  </suite> <!-- Default suite -->
</testng-results>
